[0m[[0m[0mdebug[0m] [0m[0m> Exec(early(addDefaultCommands), None, None)[0m
[0m[[0m[0mdebug[0m] [0m[0m> Exec(addDefaultCommands, None, None)[0m
[0m[[0m[0mdebug[0m] [0m[0m> Exec(early(initialize), None, None)[0m
[0m[[0m[0mdebug[0m] [0m[0m> Exec(initialize, None, None)[0m
[0m[[0m[0mdebug[0m] [0m[0m> Exec(boot, None, None)[0m
[0m[[0m[0mdebug[0m] [0m[0m> Exec(writeSbtVersion, None, None)[0m
[0m[[0m[0mdebug[0m] [0m[0m> Exec(reload, None, None)[0m
[0m[[0m[0mdebug[0m] [0m[0m> Exec(sbtStashOnFailure, None, None)[0m
[0m[[0m[0mdebug[0m] [0m[0m> Exec(onFailure loadFailed, None, None)[0m
[0m[[0m[0mdebug[0m] [0m[0m> Exec(loadp, None, None)[0m
[0m[[0m[0minfo[0m] [0m[0mwelcome to sbt 1.4.4 (Oracle Corporation Java 1.8.0_275)[0m
[0m[[0m[0mdebug[0m] [0m[0m      Load.loadUnit: plugins took 77.53871ms[0m
[0m[[0m[0mdebug[0m] [0m[0m      Load.loadUnit: defsScala took 0.311641ms[0m
[0m[[0m[0mdebug[0m] [0m[0m[Loading] Scanning directory /home/vlad/.sbt/1.0/plugins[0m
[0m[[0m[0mdebug[0m] [0m[0m[Loading] Found non-root projects [0m
[0m[[0m[0mdebug[0m] [0m[0m[Loading] Done in /home/vlad/.sbt/1.0/plugins, returning: ()[0m
[0m[[0m[0mdebug[0m] [0m[0mdeducing auto plugins based on known facts Set(Atom(sbt.plugins.CorePlugin)) and clauses Clauses(List(Clause(Atom(sbt.plugins.JvmPlugin),Set(Atom(sbt.plugins.IvyPlugin))), Clause(Atom(sbt.ScriptedPlugin),Set(Atom(sbt.plugins.JvmPlugin))), Clause(Atom(sbt.plugins.SbtPlugin),Set(Atom(sbt.ScriptedPlugin))), Clause(Atom(sbt.plugins.SemanticdbPlugin),Set(Atom(sbt.plugins.JvmPlugin))), Clause(Atom(sbt.plugins.JUnitXmlReportPlugin),Set(Atom(sbt.plugins.JvmPlugin))), Clause(Atom(sbt.plugins.MiniDependencyTreePlugin),Set(Atom(sbt.plugins.JvmPlugin))), Clause(Atom(sbt.plugins.CorePlugin),Set(Atom(sbt.plugins.IvyPlugin))), Clause(Atom(sbt.plugins.IvyPlugin),Set(Atom(sbt.plugins.JvmPlugin))), Clause(Atom(sbt.plugins.JvmPlugin),Set(Atom(sbt.plugins.SemanticdbPlugin))), Clause(Atom(sbt.plugins.JvmPlugin),Set(Atom(sbt.plugins.JUnitXmlReportPlugin))), Clause(Atom(sbt.plugins.CorePlugin),Set(Atom(sbt.plugins.Giter8TemplatePlugin))), Clause(Atom(sbt.plugins.JvmPlugin),Set(Atom(sbt.plugins.MiniDependencyTreePlugin)))))[0m
[0m[[0m[0mdebug[0m] [0m[0m  :: deduced result: Matched(sbt.plugins.CorePlugin,sbt.plugins.Giter8TemplatePlugin,sbt.plugins.IvyPlugin,sbt.plugins.JvmPlugin,sbt.plugins.MiniDependencyTreePlugin,sbt.plugins.JUnitXmlReportPlugin,sbt.plugins.SemanticdbPlugin)[0m
[0m[[0m[0mdebug[0m] [0m[0mPlugins.deducer#function took 28.1909 ms[0m
[0m[[0m[0mdebug[0m] [0m[0m          Load.resolveProject(global-plugins) took 73.905618ms[0m
[0m[[0m[0mdebug[0m] [0m[0m        Load.loadTransitive: finalizeProject(Project(id global-plugins, base: /home/vlad/.sbt/1.0/plugins, plugins: List(<none>))) took 309.268194ms[0m
[0m[[0m[0mdebug[0m] [0m[0m[Loading] Done in /home/vlad/.sbt/1.0/plugins, returning: (global-plugins)[0m
[0m[[0m[0mdebug[0m] [0m[0m      Load.loadUnit: loadedProjectsRaw took 331.755853ms[0m
[0m[[0m[0mdebug[0m] [0m[0m      Load.loadUnit: cleanEvalClasses took 0.357702ms[0m
[0m[[0m[0mdebug[0m] [0m[0m    Load.loadUnit(file:/home/vlad/.sbt/1.0/plugins/, ...) took 418.114978ms[0m
[0m[[0m[0mdebug[0m] [0m[0m  Load.apply: load took 642.788725ms[0m
[0m[[0m[0mdebug[0m] [0m[0m  Load.apply: resolveProjects took 7.862367ms[0m
[0m[[0m[0mdebug[0m] [0m[0m  Load.apply: finalTransforms took 123.560118ms[0m
[0m[[0m[0mdebug[0m] [0m[0m  Load.apply: config.delegates took 29.881777ms[0m
[0m[[0m[0mdebug[0m] [0m[0m  Load.apply: Def.make(settings)... took 918.371273ms[0m
[0m[[0m[0mdebug[0m] [0m[0m  Load.apply: structureIndex took 188.482021ms[0m
[0m[[0m[0mdebug[0m] [0m[0m  Load.apply: mkStreams took 5.910622ms[0m
[0m[[0m[0minfo[0m] [0m[0mloading global plugins from /home/vlad/.sbt/1.0/plugins[0m
[0m[[0m[0mdebug[0m] [0m[0mRunning task... Cancel: Signal, check cycles: false, forcegc: true[0m
[0m[[0m[0mdebug[0m] [0m[0mLoad.defaultLoad until apply took 4705.936711ms[0m
[0m[[0m[0mdebug[0m] [0m[0m          Load.loadUnit: plugins took 18.830182ms[0m
[0m[[0m[0mdebug[0m] [0m[0m          Load.loadUnit: defsScala took 0.006908ms[0m
[0m[[0m[0mdebug[0m] [0m[0m[Loading] Scanning directory /home/vlad/snakeAI/project[0m
[0m[[0m[0mdebug[0m] [0m[0m            Load.loadUnit: mkEval took 15.466263ms[0m
[0m[[0m[0mdebug[0m] [0m[0m[Loading] Found non-root projects [0m
[0m[[0m[0mdebug[0m] [0m[0m[Loading] Done in /home/vlad/snakeAI/project, returning: ()[0m
[0m[[0m[0mdebug[0m] [0m[0mdeducing auto plugins based on known facts Set(Atom(sbt.plugins.CorePlugin)) and clauses Clauses(List(Clause(Atom(sbt.plugins.JvmPlugin),Set(Atom(sbt.plugins.IvyPlugin))), Clause(Atom(sbt.ScriptedPlugin),Set(Atom(sbt.plugins.JvmPlugin))), Clause(Atom(sbt.plugins.SbtPlugin),Set(Atom(sbt.ScriptedPlugin))), Clause(Atom(sbt.plugins.SemanticdbPlugin),Set(Atom(sbt.plugins.JvmPlugin))), Clause(Atom(sbt.plugins.JUnitXmlReportPlugin),Set(Atom(sbt.plugins.JvmPlugin))), Clause(Atom(sbt.plugins.MiniDependencyTreePlugin),Set(Atom(sbt.plugins.JvmPlugin))), Clause(Atom(sbt.plugins.CorePlugin),Set(Atom(sbt.plugins.IvyPlugin))), Clause(Atom(sbt.plugins.IvyPlugin),Set(Atom(sbt.plugins.JvmPlugin))), Clause(Atom(sbt.plugins.JvmPlugin),Set(Atom(sbt.plugins.SemanticdbPlugin))), Clause(Atom(sbt.plugins.JvmPlugin),Set(Atom(sbt.plugins.JUnitXmlReportPlugin))), Clause(Atom(sbt.plugins.CorePlugin),Set(Atom(sbt.plugins.Giter8TemplatePlugin))), Clause(Atom(sbt.plugins.JvmPlugin),Set(Atom(sbt.plugins.MiniDependencyTreePlugin)))))[0m
[0m[[0m[0mdebug[0m] [0m[0m  :: deduced result: Matched(sbt.plugins.CorePlugin,sbt.plugins.Giter8TemplatePlugin,sbt.plugins.IvyPlugin,sbt.plugins.JvmPlugin,sbt.plugins.MiniDependencyTreePlugin,sbt.plugins.JUnitXmlReportPlugin,sbt.plugins.SemanticdbPlugin)[0m
[0m[[0m[0mdebug[0m] [0m[0mPlugins.deducer#function took 13.350087 ms[0m
[0m[[0m[0minfo[0m] [0m[0mloading settings for project snakeai-build from plugins.sbt ...[0m
[0m[[0m[0mdebug[0m] [0m[0m              Load.resolveProject(snakeai-build) took 20.541906ms[0m
[0m[[0m[0mdebug[0m] [0m[0m            Load.loadTransitive: finalizeProject(Project(id snakeai-build, base: /home/vlad/snakeAI/project, plugins: List(<none>))) took 35.231591ms[0m
[0m[[0m[0mdebug[0m] [0m[0m[Loading] Done in /home/vlad/snakeAI/project, returning: (snakeai-build)[0m
[0m[[0m[0mdebug[0m] [0m[0m          Load.loadUnit: loadedProjectsRaw took 384.358491ms[0m
[0m[[0m[0mdebug[0m] [0m[0m          Load.loadUnit: cleanEvalClasses took 12.300178ms[0m
[0m[[0m[0mdebug[0m] [0m[0m        Load.loadUnit(file:/home/vlad/snakeAI/project/, ...) took 418.821344ms[0m
[0m[[0m[0mdebug[0m] [0m[0m      Load.apply: load took 425.3801ms[0m
[0m[[0m[0mdebug[0m] [0m[0m      Load.apply: resolveProjects took 0.174935ms[0m
[0m[[0m[0mdebug[0m] [0m[0m      Load.apply: finalTransforms took 57.762166ms[0m
[0m[[0m[0mdebug[0m] [0m[0m      Load.apply: config.delegates took 0.6455ms[0m
[0m[[0m[0mdebug[0m] [0m[0m      Load.apply: Def.make(settings)... took 286.065984ms[0m
[0m[[0m[0mdebug[0m] [0m[0m      Load.apply: structureIndex took 55.642722ms[0m
[0m[[0m[0mdebug[0m] [0m[0m      Load.apply: mkStreams took 0.003139ms[0m
[0m[[0m[0minfo[0m] [0m[0mloading project definition from /home/vlad/snakeAI/project[0m
[0m[[0m[0mdebug[0m] [0m[0mRunning task... Cancel: Signal, check cycles: false, forcegc: true[0m
[0m[[0m[0mdebug[0m] [0m[0m    Load.loadUnit: plugins took 1447.229587ms[0m
[0m[[0m[0mdebug[0m] [0m[0m    Load.loadUnit: defsScala took 0.005628ms[0m
[0m[[0m[0mdebug[0m] [0m[0m[Loading] Scanning directory /home/vlad/snakeAI[0m
[0m[[0m[0mdebug[0m] [0m[0m      Load.loadUnit: mkEval took 0.374959ms[0m
[0m[[0m[0mdebug[0m] [0m[0m[Loading] Found non-root projects [0m
[0m[[0m[0mdebug[0m] [0m[0m[Loading] Done in /home/vlad/snakeAI, returning: ()[0m
[0m[[0m[0mdebug[0m] [0m[0mdeducing auto plugins based on known facts Set(Atom(com.typesafe.sbt.packager.archetypes.JavaAppPackaging), Atom(sbt.plugins.CorePlugin)) and clauses Clauses(List(Clause(Atom(sbt.plugins.JvmPlugin),Set(Atom(sbt.plugins.IvyPlugin))), Clause(Atom(sbt.ScriptedPlugin),Set(Atom(sbt.plugins.JvmPlugin))), Clause(Atom(sbt.plugins.SbtPlugin),Set(Atom(sbt.ScriptedPlugin))), Clause(Atom(sbt.plugins.SemanticdbPlugin),Set(Atom(sbt.plugins.JvmPlugin))), Clause(Atom(sbt.plugins.JUnitXmlReportPlugin),Set(Atom(sbt.plugins.JvmPlugin))), Clause(Atom(sbt.plugins.MiniDependencyTreePlugin),Set(Atom(sbt.plugins.JvmPlugin))), Clause(Atom(spray.revolver.RevolverPlugin),Set(Atom(sbt.plugins.JvmPlugin))), Clause(Atom(com.typesafe.sbt.SbtNativePackager),Set(Atom(sbt.plugins.JvmPlugin))), Clause(Atom(com.typesafe.sbt.packager.archetypes.JavaAppPackaging),Set(Atom(com.typesafe.sbt.packager.windows.WindowsPlugin))), Clause(Atom(com.typesafe.sbt.packager.archetypes.JavaAppPackaging),Set(Atom(com.typesafe.sbt.packager.docker.DockerPlugin))), Clause(Atom(com.typesafe.sbt.packager.archetypes.JavaAppPackaging),Set(Atom(com.typesafe.sbt.packager.debian.DebianPlugin))), Clause(Atom(com.typesafe.sbt.packager.archetypes.JavaAppPackaging),Set(Atom(com.typesafe.sbt.packager.rpm.RpmPlugin))), Clause(Atom(com.typesafe.sbt.packager.archetypes.scripts.AshScriptPlugin),Set(Atom(com.typesafe.sbt.packager.archetypes.scripts.BashStartScriptPlugin))), Clause(Atom(com.typesafe.sbt.packager.archetypes.systemloader.SystemVPlugin),Set(Atom(com.typesafe.sbt.packager.archetypes.systemloader.SystemloaderPlugin))), Clause(Atom(com.typesafe.sbt.packager.archetypes.systemloader.SystemdPlugin),Set(Atom(com.typesafe.sbt.packager.archetypes.systemloader.SystemloaderPlugin))), Clause(Atom(com.typesafe.sbt.packager.archetypes.systemloader.SystemloaderPlugin),Set(Atom(com.typesafe.sbt.packager.debian.DebianPlugin))), Clause(Atom(com.typesafe.sbt.packager.archetypes.systemloader.SystemloaderPlugin),Set(Atom(com.typesafe.sbt.packager.rpm.RpmPlugin))), Clause(Atom(com.typesafe.sbt.packager.archetypes.systemloader.UpstartPlugin),Set(Atom(com.typesafe.sbt.packager.archetypes.systemloader.SystemloaderPlugin))), Clause(Atom(com.typesafe.sbt.packager.debian.DebianDeployPlugin),Set(Atom(com.typesafe.sbt.packager.debian.DebianPlugin))), Clause(Atom(com.typesafe.sbt.packager.debian.DebianPlugin),Set(Atom(com.typesafe.sbt.packager.linux.LinuxPlugin))), Clause(Atom(com.typesafe.sbt.packager.debian.JDebPackaging),Set(Atom(com.typesafe.sbt.packager.debian.DebianPlugin))), Clause(Atom(com.typesafe.sbt.packager.docker.DockerPlugin),Set(Atom(com.typesafe.sbt.packager.universal.UniversalPlugin))), Clause(Atom(com.typesafe.sbt.packager.docker.DockerSpotifyClientPlugin),Set(Atom(com.typesafe.sbt.packager.docker.DockerPlugin))), Clause(Atom(com.typesafe.sbt.packager.jdkpackager.JDKPackagerDeployPlugin),Set(Atom(com.typesafe.sbt.packager.jdkpackager.JDKPackagerPlugin))), Clause(Atom(com.typesafe.sbt.packager.jdkpackager.JDKPackagerPlugin),Set(Atom(com.typesafe.sbt.packager.archetypes.jar.LauncherJarPlugin))), Clause(Atom(com.typesafe.sbt.packager.linux.LinuxPlugin),Set(Atom(com.typesafe.sbt.packager.universal.UniversalPlugin))), Clause(Atom(com.typesafe.sbt.packager.rpm.RpmDeployPlugin),Set(Atom(com.typesafe.sbt.packager.rpm.RpmPlugin))), Clause(Atom(com.typesafe.sbt.packager.rpm.RpmPlugin),Set(Atom(com.typesafe.sbt.packager.linux.LinuxPlugin))), Clause(Atom(com.typesafe.sbt.packager.universal.UniversalDeployPlugin),Set(Atom(com.typesafe.sbt.packager.universal.UniversalPlugin))), Clause(Atom(com.typesafe.sbt.packager.universal.UniversalPlugin),Set(Atom(com.typesafe.sbt.SbtNativePackager))), Clause(Atom(com.typesafe.sbt.packager.windows.WindowsDeployPlugin),Set(Atom(com.typesafe.sbt.packager.windows.WindowsPlugin))), Clause(Atom(com.typesafe.sbt.packager.windows.WindowsPlugin),Set(Atom(com.typesafe.sbt.packager.universal.UniversalPlugin))), Clause(Atom(sbt.plugins.CorePlugin),Set(Atom(sbt.plugins.IvyPlugin))), Clause(Atom(sbt.plugins.IvyPlugin),Set(Atom(sbt.plugins.JvmPlugin))), Clause(Atom(sbt.plugins.JvmPlugin),Set(Atom(sbt.plugins.SemanticdbPlugin))), Clause(Atom(sbt.plugins.JvmPlugin),Set(Atom(sbt.plugins.JUnitXmlReportPlugin))), Clause(Atom(sbt.plugins.CorePlugin),Set(Atom(sbt.plugins.Giter8TemplatePlugin))), Clause(Atom(sbt.plugins.JvmPlugin),Set(Atom(sbt.plugins.MiniDependencyTreePlugin))), Clause(Atom(sbt.plugins.JvmPlugin),Set(Atom(spray.revolver.RevolverPlugin))), Clause(Atom(com.typesafe.sbt.packager.archetypes.JavaAppPackaging),Set(Atom(com.typesafe.sbt.packager.archetypes.scripts.BashStartScriptPlugin))), Clause(Atom(com.typesafe.sbt.packager.archetypes.JavaAppPackaging),Set(Atom(com.typesafe.sbt.packager.archetypes.scripts.BatStartScriptPlugin)))))[0m
[0m[[0m[0mdebug[0m] [0m[0m  :: deduced result: Matched(sbt.plugins.CorePlugin,com.typesafe.sbt.packager.archetypes.JavaAppPackaging,com.typesafe.sbt.packager.rpm.RpmPlugin,com.typesafe.sbt.packager.archetypes.scripts.BashStartScriptPlugin,com.typesafe.sbt.packager.windows.WindowsPlugin,com.typesafe.sbt.packager.archetypes.scripts.BatStartScriptPlugin,com.typesafe.sbt.packager.docker.DockerPlugin,sbt.plugins.IvyPlugin,sbt.plugins.Giter8TemplatePlugin,com.typesafe.sbt.packager.debian.DebianPlugin,sbt.plugins.JvmPlugin,com.typesafe.sbt.packager.universal.UniversalPlugin,com.typesafe.sbt.packager.linux.LinuxPlugin,com.typesafe.sbt.SbtNativePackager,sbt.plugins.SemanticdbPlugin,sbt.plugins.JUnitXmlReportPlugin,spray.revolver.RevolverPlugin,sbt.plugins.MiniDependencyTreePlugin)[0m
[0m[[0m[0mdebug[0m] [0m[0mPlugins.deducer#function took 8.81402 ms[0m
[0m[[0m[0minfo[0m] [0m[0mloading settings for project snakeai from build.sbt ...[0m
[0m[[0m[0mdebug[0m] [0m[0m        Load.resolveProject(snakeai) took 95.44701ms[0m
[0m[[0m[0mdebug[0m] [0m[0m      Load.loadTransitive: finalizeProject(Project(id snakeai, base: /home/vlad/snakeAI, plugins: List(<none>))) took 105.863154ms[0m
[0m[[0m[0mdebug[0m] [0m[0m[Loading] Done in /home/vlad/snakeAI, returning: (snakeai)[0m
[0m[[0m[0mdebug[0m] [0m[0m    Load.loadUnit: loadedProjectsRaw took 223.497962ms[0m
[0m[[0m[0mdebug[0m] [0m[0m    Load.loadUnit: cleanEvalClasses took 5.890974ms[0m
[0m[[0m[0mdebug[0m] [0m[0m  Load.loadUnit(file:/home/vlad/snakeAI/, ...) took 1677.559409ms[0m
[0m[[0m[0mdebug[0m] [0m[0mLoad.apply: load took 1679.326873ms[0m
[0m[[0m[0mdebug[0m] [0m[0mLoad.apply: resolveProjects took 0.568325ms[0m
[0m[[0m[0mdebug[0m] [0m[0mLoad.apply: finalTransforms took 14.311978ms[0m
[0m[[0m[0mdebug[0m] [0m[0mLoad.apply: config.delegates took 1.3215ms[0m
[0m[[0m[0mdebug[0m] [0m[0mLoad.apply: Def.make(settings)... took 265.305081ms[0m
[0m[[0m[0mdebug[0m] [0m[0mLoad.apply: structureIndex took 49.691519ms[0m
[0m[[0m[0mdebug[0m] [0m[0mLoad.apply: mkStreams took 0.003028ms[0m
[0m[[0m[0minfo[0m] [0m[0mset current project to fw (in build file:/home/vlad/snakeAI/)[0m
[0m[[0m[0mdebug[0m] [0m[0m> Exec(sbtPopOnFailure, None, None)[0m
[0m[[0m[0mdebug[0m] [0m[0m> Exec(resumeFromFailure, None, None)[0m
[0m[[0m[0mdebug[0m] [0m[0m> Exec(notifyUsersAboutShell, None, None)[0m
[0m[[0m[0mdebug[0m] [0m[0m> Exec(iflast shell, None, None)[0m
[0m[[0m[0mdebug[0m] [0m[0m> Exec(run, None, None)[0m
[0m[[0m[0mdebug[0m] [0m[0mEvaluating tasks: Compile / run[0m
[0m[[0m[0mdebug[0m] [0m[0mRunning task... Cancel: Signal, check cycles: false, forcegc: true[0m
[0m[[0m[0minfo[0m] [0m[0mcompiling 27 Scala sources and 12 Java sources to /home/vlad/snakeAI/target/scala-2.13/classes ...[0m
[0m[[0m[33mwarn[0m] [0m[0m/home/vlad/snakeAI/src/main/scala/com/idalko/battle_snake/fw/json/HeadTypeFormat.scala:9:48: match may not be exhaustive.[0m
[0m[[0m[33mwarn[0m] [0m[0mIt would fail on the following inputs: JsArray(_), JsFalse, JsNull, JsNumber(_), JsObject(_), JsTrue[0m
[0m[[0m[33mwarn[0m] [0m[0m  override def read(json: JsValue): HeadType = json match {[0m
[0m[[0m[33mwarn[0m] [0m[0m                                               ^[0m
[0m[[0m[33mwarn[0m] [0m[0m/home/vlad/snakeAI/src/main/scala/com/idalko/battle_snake/fw/json/MoveFormat.scala:9:44: match may not be exhaustive.[0m
[0m[[0m[33mwarn[0m] [0m[0mIt would fail on the following inputs: JsArray(_), JsFalse, JsNull, JsNumber(_), JsObject(_), JsTrue[0m
[0m[[0m[33mwarn[0m] [0m[0m  override def read(json: JsValue): Move = json match {[0m
[0m[[0m[33mwarn[0m] [0m[0m                                           ^[0m
[0m[[0m[33mwarn[0m] [0m[0m/home/vlad/snakeAI/src/main/scala/com/idalko/battle_snake/fw/json/TailTypeFormat.scala:9:48: match may not be exhaustive.[0m
[0m[[0m[33mwarn[0m] [0m[0mIt would fail on the following inputs: JsArray(_), JsFalse, JsNull, JsNumber(_), JsObject(_), JsTrue[0m
[0m[[0m[33mwarn[0m] [0m[0m  override def read(json: JsValue): TailType = json match {[0m
[0m[[0m[33mwarn[0m] [0m[0m                                               ^[0m
[0m[[0m[33mwarn[0m] [0m[0m4 deprecations (since 2.13.0); re-run with -deprecation for details[0m
[0m[[0m[33mwarn[0m] [0m[0m53 feature warnings; re-run with -feature for details[0m
[0m[[0m[33mwarn[0m] [0m[0m5 warnings found[0m
